
(java:3234): Gtk-WARNING **: Unable to locate theme engine in module_path: "adwaita",
[18:51:27 INFO]: Minecraft Launcher 1.6.11 (through bootstrap 100) started on linux...
[18:51:27 INFO]: Current time is Jun 2, 2016 6:51:27 PM
[18:51:27 INFO]: System.getProperty('os.name') == 'Linux'
[18:51:27 INFO]: System.getProperty('os.version') == '4.4.0-22-generic'
[18:51:27 INFO]: System.getProperty('os.arch') == 'amd64'
[18:51:27 INFO]: System.getProperty('java.version') == '1.8.0_91'
[18:51:27 INFO]: System.getProperty('java.vendor') == 'Oracle Corporation'
[18:51:27 INFO]: System.getProperty('sun.arch.data.model') == '64'
[18:51:27 INFO]: proxy == DIRECT
[18:51:27 INFO]: JFX is already initialized
[18:51:28 INFO]: Refreshing local version list...
[18:51:28 INFO]: Refreshing remote version list...
[18:51:29 INFO]: Refresh complete.
[18:51:29 INFO]: Loaded 2 profile(s); selected 'Better Than Wolves'
[18:51:29 INFO]: Refreshing auth...
[18:51:29 INFO]: Logging in with access token
[18:51:30 INFO]: Getting syncinfo for selected version
[18:51:30 INFO]: Queueing library & version downloads
[18:51:30 INFO]: Download job 'Version & Libraries' started (16 threads, 12 files)
[18:51:30 INFO]: Attempting to download /home/carsen/.minecraft/libraries/org/lwjgl/lwjgl/lwjgl_util/2.9.0/lwjgl_util-2.9.0.jar for job 'Version & Libraries'... (try 0)
[18:51:30 INFO]: Attempting to download /home/carsen/.minecraft/libraries/org/lwjgl/lwjgl/lwjgl-platform/2.9.0/lwjgl-platform-2.9.0-natives-linux.jar for job 'Version & Libraries'... (try 0)
[18:51:30 INFO]: Attempting to download /home/carsen/.minecraft/libraries/net/sf/jopt-simple/jopt-simple/4.5/jopt-simple-4.5.jar for job 'Version & Libraries'... (try 0)
[18:51:30 INFO]: Attempting to download /home/carsen/.minecraft/libraries/org/lwjgl/lwjgl/lwjgl/2.9.0/lwjgl-2.9.0.jar for job 'Version & Libraries'... (try 0)
[18:51:30 INFO]: Attempting to download /home/carsen/.minecraft/libraries/net/java/jinput/jinput-platform/2.0.5/jinput-platform-2.0.5-natives-linux.jar for job 'Version & Libraries'... (try 0)
[18:51:30 INFO]: Attempting to download /home/carsen/.minecraft/libraries/com/google/code/gson/gson/2.2.4/gson-2.2.4.jar for job 'Version & Libraries'... (try 0)
[18:51:30 INFO]: Attempting to download /home/carsen/.minecraft/libraries/org/ow2/asm/asm-all/4.1/asm-all-4.1.jar for job 'Version & Libraries'... (try 0)
[18:51:30 INFO]: Attempting to download /home/carsen/.minecraft/libraries/net/java/jinput/jinput/2.0.5/jinput-2.0.5.jar for job 'Version & Libraries'... (try 0)
[18:51:30 INFO]: Attempting to download /home/carsen/.minecraft/libraries/net/java/jinput/jinput-platform/2.0.5/jinput-platform-2.0.5-natives-linux.jar for job 'Version & Libraries'... (try 0)
[18:51:30 INFO]: Attempting to download /home/carsen/.minecraft/libraries/net/minecraft/launchwrapper/1.5/launchwrapper-1.5.jar for job 'Version & Libraries'... (try 0)
[18:51:30 INFO]: Attempting to download /home/carsen/.minecraft/libraries/net/java/jutils/jutils/1.0.0/jutils-1.0.0.jar for job 'Version & Libraries'... (try 0)
[18:51:30 INFO]: Attempting to download /home/carsen/.minecraft/versions/1.5.2-betterthanwolves/1.5.2-betterthanwolves.jar for job 'Version & Libraries'... (try 0)
[18:51:30 INFO]: Download job 'Resources' skipped as there are no files to download
[18:51:30 INFO]: Job 'Resources' finished successfully (took 0:00:00.000)
[18:51:30 INFO]: Finished downloading /home/carsen/.minecraft/libraries/org/lwjgl/lwjgl/lwjgl/2.9.0/lwjgl-2.9.0.jar for job 'Version & Libraries': Local file matches local checksum, using that
[18:51:30 INFO]: Finished downloading /home/carsen/.minecraft/libraries/net/java/jutils/jutils/1.0.0/jutils-1.0.0.jar for job 'Version & Libraries': Local file matches local checksum, using that
[18:51:30 INFO]: Finished downloading /home/carsen/.minecraft/libraries/net/minecraft/launchwrapper/1.5/launchwrapper-1.5.jar for job 'Version & Libraries': Local file matches local checksum, using that
[18:51:30 INFO]: Finished downloading /home/carsen/.minecraft/libraries/net/java/jinput/jinput/2.0.5/jinput-2.0.5.jar for job 'Version & Libraries': Local file matches local checksum, using that
[18:51:30 INFO]: Finished downloading /home/carsen/.minecraft/libraries/org/ow2/asm/asm-all/4.1/asm-all-4.1.jar for job 'Version & Libraries': Local file matches local checksum, using that
[18:51:30 INFO]: Finished downloading /home/carsen/.minecraft/libraries/net/java/jinput/jinput-platform/2.0.5/jinput-platform-2.0.5-natives-linux.jar for job 'Version & Libraries': Local file matches local checksum, using that
[18:51:30 INFO]: Finished downloading /home/carsen/.minecraft/libraries/com/google/code/gson/gson/2.2.4/gson-2.2.4.jar for job 'Version & Libraries': Local file matches local checksum, using that
[18:51:30 INFO]: Finished downloading /home/carsen/.minecraft/libraries/net/sf/jopt-simple/jopt-simple/4.5/jopt-simple-4.5.jar for job 'Version & Libraries': Local file matches local checksum, using that
[18:51:30 INFO]: Finished downloading /home/carsen/.minecraft/libraries/net/java/jinput/jinput-platform/2.0.5/jinput-platform-2.0.5-natives-linux.jar for job 'Version & Libraries': Local file matches local checksum, using that
[18:51:30 INFO]: Finished downloading /home/carsen/.minecraft/libraries/org/lwjgl/lwjgl/lwjgl_util/2.9.0/lwjgl_util-2.9.0.jar for job 'Version & Libraries': Local file matches local checksum, using that
[18:51:30 INFO]: Finished downloading /home/carsen/.minecraft/libraries/org/lwjgl/lwjgl/lwjgl-platform/2.9.0/lwjgl-platform-2.9.0-natives-linux.jar for job 'Version & Libraries': Local file matches local checksum, using that
[18:51:30 INFO]: Finished downloading /home/carsen/.minecraft/versions/1.5.2-betterthanwolves/1.5.2-betterthanwolves.jar for job 'Version & Libraries': Couldn't connect to server (responded with 403) but have local file, assuming it's good
[18:51:30 INFO]: Job 'Version & Libraries' finished successfully (took 0:00:00.412)
[18:51:30 INFO]: Launching game
[18:51:30 INFO]: Unpacking natives to /home/carsen/.minecraft/versions/1.5.2-betterthanwolves/1.5.2-betterthanwolves-natives-1737796808615
[18:51:30 INFO]: Reconstructing virtual assets folder at /home/carsen/.minecraft/assets/virtual/legacy
[18:51:30 INFO]: Launching in /home/carsen/.btw
[18:51:30 INFO]: Half command: /usr/lib/jvm/java-8-oracle/jre/bin/java -Xmx4G -XX:+UseConcMarkSweepGC -XX:+CMSIncrementalMode -XX:-UseAdaptiveSizePolicy -Xmn128M -Djava.library.path=/home/carsen/.minecraft/versions/1.5.2-betterthanwolves/1.5.2-betterthanwolves-natives-1737796808615 -cp /home/carsen/.minecraft/libraries/net/minecraft/launchwrapper/1.5/launchwrapper-1.5.jar:/home/carsen/.minecraft/libraries/net/sf/jopt-simple/jopt-simple/4.5/jopt-simple-4.5.jar:/home/carsen/.minecraft/libraries/org/ow2/asm/asm-all/4.1/asm-all-4.1.jar:/home/carsen/.minecraft/libraries/net/java/jinput/jinput/2.0.5/jinput-2.0.5.jar:/home/carsen/.minecraft/libraries/net/java/jutils/jutils/1.0.0/jutils-1.0.0.jar:/home/carsen/.minecraft/libraries/org/lwjgl/lwjgl/lwjgl/2.9.0/lwjgl-2.9.0.jar:/home/carsen/.minecraft/libraries/org/lwjgl/lwjgl/lwjgl_util/2.9.0/lwjgl_util-2.9.0.jar:/home/carsen/.minecraft/libraries/com/google/code/gson/gson/2.2.4/gson-2.2.4.jar:/home/carsen/.minecraft/versions/1.5.2-betterthanwolves/1.5.2-betterthanwolves.jar net.minecraft.launchwrapper.Launch
[18:51:30 INFO]: Looking for orphaned versions to clean up...
[18:51:30 INFO]: Looking for old natives & assets to clean up...
[19:05:59 INFO]: Game ended with no troubles detected (exit code 0)
[19:05:59 INFO]: Following visibility rule and exiting launcher as the game has ended
[19:05:59 INFO]: Deleting /home/carsen/.minecraft/versions/1.5.2-betterthanwolves/1.5.2-betterthanwolves-natives-1737796808615

(java:3834): Gtk-WARNING **: Unable to locate theme engine in module_path: "adwaita",
[19:07:08 INFO]: Minecraft Launcher 1.6.11 (through bootstrap 100) started on linux...
[19:07:08 INFO]: Current time is Jun 2, 2016 7:07:08 PM
[19:07:08 INFO]: System.getProperty('os.name') == 'Linux'
[19:07:08 INFO]: System.getProperty('os.version') == '4.4.0-22-generic'
[19:07:08 INFO]: System.getProperty('os.arch') == 'amd64'
[19:07:08 INFO]: System.getProperty('java.version') == '1.8.0_91'
[19:07:08 INFO]: System.getProperty('java.vendor') == 'Oracle Corporation'
[19:07:08 INFO]: System.getProperty('sun.arch.data.model') == '64'
[19:07:08 INFO]: proxy == DIRECT
[19:07:08 INFO]: JFX is already initialized
[19:07:09 INFO]: Refreshing local version list...
[19:07:09 INFO]: Refreshing remote version list...
[19:07:09 INFO]: Refresh complete.
[19:07:09 INFO]: Loaded 2 profile(s); selected 'Better Than Wolves'
[19:07:09 INFO]: Refreshing auth...
[19:07:09 INFO]: Logging in with access token
[19:27:58 INFO]: Getting syncinfo for selected version
[19:27:58 INFO]: Queueing library & version downloads
[19:27:58 INFO]: Download job 'Version & Libraries' started (16 threads, 12 files)
[19:27:58 INFO]: Attempting to download /home/carsen/.minecraft/libraries/net/java/jinput/jinput-platform/2.0.5/jinput-platform-2.0.5-natives-linux.jar for job 'Version & Libraries'... (try 0)
[19:27:58 INFO]: Attempting to download /home/carsen/.minecraft/libraries/net/java/jinput/jinput-platform/2.0.5/jinput-platform-2.0.5-natives-linux.jar for job 'Version & Libraries'... (try 0)
[19:27:58 INFO]: Attempting to download /home/carsen/.minecraft/libraries/net/sf/jopt-simple/jopt-simple/4.5/jopt-simple-4.5.jar for job 'Version & Libraries'... (try 0)
[19:27:58 INFO]: Attempting to download /home/carsen/.minecraft/libraries/net/java/jutils/jutils/1.0.0/jutils-1.0.0.jar for job 'Version & Libraries'... (try 0)
[19:27:58 INFO]: Attempting to download /home/carsen/.minecraft/libraries/com/google/code/gson/gson/2.2.4/gson-2.2.4.jar for job 'Version & Libraries'... (try 0)
[19:27:58 INFO]: Attempting to download /home/carsen/.minecraft/libraries/org/lwjgl/lwjgl/lwjgl_util/2.9.0/lwjgl_util-2.9.0.jar for job 'Version & Libraries'... (try 0)
[19:27:58 INFO]: Attempting to download /home/carsen/.minecraft/libraries/org/ow2/asm/asm-all/4.1/asm-all-4.1.jar for job 'Version & Libraries'... (try 0)
[19:27:58 INFO]: Attempting to download /home/carsen/.minecraft/libraries/org/lwjgl/lwjgl/lwjgl/2.9.0/lwjgl-2.9.0.jar for job 'Version & Libraries'... (try 0)
[19:27:58 INFO]: Attempting to download /home/carsen/.minecraft/libraries/net/java/jinput/jinput/2.0.5/jinput-2.0.5.jar for job 'Version & Libraries'... (try 0)
[19:27:58 INFO]: Attempting to download /home/carsen/.minecraft/libraries/org/lwjgl/lwjgl/lwjgl-platform/2.9.0/lwjgl-platform-2.9.0-natives-linux.jar for job 'Version & Libraries'... (try 0)
[19:27:58 INFO]: Attempting to download /home/carsen/.minecraft/libraries/net/minecraft/launchwrapper/1.5/launchwrapper-1.5.jar for job 'Version & Libraries'... (try 0)
[19:27:58 INFO]: Attempting to download /home/carsen/.minecraft/versions/1.5.2-betterthanwolves/1.5.2-betterthanwolves.jar for job 'Version & Libraries'... (try 0)
[19:27:59 INFO]: Download job 'Resources' skipped as there are no files to download
[19:27:59 INFO]: Job 'Resources' finished successfully (took 0:00:00.000)
[19:27:59 INFO]: Finished downloading /home/carsen/.minecraft/versions/1.5.2-betterthanwolves/1.5.2-betterthanwolves.jar for job 'Version & Libraries': Couldn't connect to server (responded with 403) but have local file, assuming it's good
[19:27:59 INFO]: Finished downloading /home/carsen/.minecraft/libraries/org/lwjgl/lwjgl/lwjgl/2.9.0/lwjgl-2.9.0.jar for job 'Version & Libraries': Local file matches local checksum, using that
[19:27:59 INFO]: Finished downloading /home/carsen/.minecraft/libraries/org/lwjgl/lwjgl/lwjgl-platform/2.9.0/lwjgl-platform-2.9.0-natives-linux.jar for job 'Version & Libraries': Local file matches local checksum, using that
[19:27:59 INFO]: Finished downloading /home/carsen/.minecraft/libraries/net/java/jinput/jinput/2.0.5/jinput-2.0.5.jar for job 'Version & Libraries': Local file matches local checksum, using that
[19:27:59 INFO]: Finished downloading /home/carsen/.minecraft/libraries/org/ow2/asm/asm-all/4.1/asm-all-4.1.jar for job 'Version & Libraries': Local file matches local checksum, using that
[19:27:59 INFO]: Finished downloading /home/carsen/.minecraft/libraries/net/minecraft/launchwrapper/1.5/launchwrapper-1.5.jar for job 'Version & Libraries': Local file matches local checksum, using that
[19:27:59 INFO]: Finished downloading /home/carsen/.minecraft/libraries/org/lwjgl/lwjgl/lwjgl_util/2.9.0/lwjgl_util-2.9.0.jar for job 'Version & Libraries': Local file matches local checksum, using that
[19:27:59 INFO]: Finished downloading /home/carsen/.minecraft/libraries/net/java/jutils/jutils/1.0.0/jutils-1.0.0.jar for job 'Version & Libraries': Local file matches local checksum, using that
[19:27:59 INFO]: Finished downloading /home/carsen/.minecraft/libraries/com/google/code/gson/gson/2.2.4/gson-2.2.4.jar for job 'Version & Libraries': Local file matches local checksum, using that
[19:27:59 INFO]: Finished downloading /home/carsen/.minecraft/libraries/net/java/jinput/jinput-platform/2.0.5/jinput-platform-2.0.5-natives-linux.jar for job 'Version & Libraries': Local file matches local checksum, using that
[19:27:59 INFO]: Finished downloading /home/carsen/.minecraft/libraries/net/sf/jopt-simple/jopt-simple/4.5/jopt-simple-4.5.jar for job 'Version & Libraries': Local file matches local checksum, using that
[19:27:59 INFO]: Finished downloading /home/carsen/.minecraft/libraries/net/java/jinput/jinput-platform/2.0.5/jinput-platform-2.0.5-natives-linux.jar for job 'Version & Libraries': Local file matches local checksum, using that
[19:27:59 INFO]: Job 'Version & Libraries' finished successfully (took 0:00:00.815)
[19:27:59 INFO]: Launching game
[19:27:59 INFO]: Unpacking natives to /home/carsen/.minecraft/versions/1.5.2-betterthanwolves/1.5.2-betterthanwolves-natives-3926631239090
[19:27:59 INFO]: Reconstructing virtual assets folder at /home/carsen/.minecraft/assets/virtual/legacy
[19:27:59 INFO]: Launching in /home/carsen/.btw
[19:27:59 INFO]: Half command: /usr/lib/jvm/java-8-oracle/jre/bin/java -Xmx4G -XX:+UseConcMarkSweepGC -XX:+CMSIncrementalMode -XX:-UseAdaptiveSizePolicy -Xmn128M -Djava.library.path=/home/carsen/.minecraft/versions/1.5.2-betterthanwolves/1.5.2-betterthanwolves-natives-3926631239090 -cp /home/carsen/.minecraft/libraries/net/minecraft/launchwrapper/1.5/launchwrapper-1.5.jar:/home/carsen/.minecraft/libraries/net/sf/jopt-simple/jopt-simple/4.5/jopt-simple-4.5.jar:/home/carsen/.minecraft/libraries/org/ow2/asm/asm-all/4.1/asm-all-4.1.jar:/home/carsen/.minecraft/libraries/net/java/jinput/jinput/2.0.5/jinput-2.0.5.jar:/home/carsen/.minecraft/libraries/net/java/jutils/jutils/1.0.0/jutils-1.0.0.jar:/home/carsen/.minecraft/libraries/org/lwjgl/lwjgl/lwjgl/2.9.0/lwjgl-2.9.0.jar:/home/carsen/.minecraft/libraries/org/lwjgl/lwjgl/lwjgl_util/2.9.0/lwjgl_util-2.9.0.jar:/home/carsen/.minecraft/libraries/com/google/code/gson/gson/2.2.4/gson-2.2.4.jar:/home/carsen/.minecraft/versions/1.5.2-betterthanwolves/1.5.2-betterthanwolves.jar net.minecraft.launchwrapper.Launch
[19:27:59 INFO]: Looking for orphaned versions to clean up...
[19:27:59 INFO]: Looking for old natives & assets to clean up...
[21:41:51 INFO]: Game ended with no troubles detected (exit code 0)
[21:41:51 INFO]: Following visibility rule and exiting launcher as the game has ended
[21:41:51 INFO]: Deleting /home/carsen/.minecraft/versions/1.5.2-betterthanwolves/1.5.2-betterthanwolves-natives-3926631239090

(java:26092): Gtk-WARNING **: Unable to locate theme engine in module_path: "adwaita",
[22:32:44 INFO]: Minecraft Launcher 1.6.11 (through bootstrap 100) started on linux...
[22:32:44 INFO]: Current time is Jul 1, 2016 10:32:44 PM
[22:32:44 INFO]: System.getProperty('os.name') == 'Linux'
[22:32:44 INFO]: System.getProperty('os.version') == '4.4.0-28-generic'
[22:32:44 INFO]: System.getProperty('os.arch') == 'amd64'
[22:32:44 INFO]: System.getProperty('java.version') == '1.8.0_91'
[22:32:44 INFO]: System.getProperty('java.vendor') == 'Oracle Corporation'
[22:32:44 INFO]: System.getProperty('sun.arch.data.model') == '64'
[22:32:44 INFO]: proxy == DIRECT
[22:32:44 INFO]: JFX is already initialized
[22:32:45 INFO]: Refreshing local version list...
[22:32:45 INFO]: Refreshing remote version list...
[22:32:46 INFO]: Refresh complete.
[22:32:46 INFO]: Loaded 2 profile(s); selected 'Better Than Wolves'
[22:32:46 INFO]: Refreshing auth...
[22:32:46 INFO]: Logging in with access token
[22:32:49 INFO]: Getting syncinfo for selected version
[22:32:49 INFO]: Queueing library & version downloads
[22:32:49 INFO]: Download job 'Version & Libraries' started (16 threads, 12 files)
[22:32:49 INFO]: Attempting to download /home/carsen/.minecraft/libraries/org/lwjgl/lwjgl/lwjgl/2.9.0/lwjgl-2.9.0.jar for job 'Version & Libraries'... (try 0)
[22:32:49 INFO]: Attempting to download /home/carsen/.minecraft/libraries/net/minecraft/launchwrapper/1.5/launchwrapper-1.5.jar for job 'Version & Libraries'... (try 0)
[22:32:49 INFO]: Attempting to download /home/carsen/.minecraft/libraries/net/java/jutils/jutils/1.0.0/jutils-1.0.0.jar for job 'Version & Libraries'... (try 0)
[22:32:49 INFO]: Attempting to download /home/carsen/.minecraft/libraries/net/java/jinput/jinput-platform/2.0.5/jinput-platform-2.0.5-natives-linux.jar for job 'Version & Libraries'... (try 0)
[22:32:49 INFO]: Attempting to download /home/carsen/.minecraft/libraries/com/google/code/gson/gson/2.2.4/gson-2.2.4.jar for job 'Version & Libraries'... (try 0)
[22:32:49 INFO]: Attempting to download /home/carsen/.minecraft/libraries/net/sf/jopt-simple/jopt-simple/4.5/jopt-simple-4.5.jar for job 'Version & Libraries'... (try 0)
[22:32:49 INFO]: Attempting to download /home/carsen/.minecraft/libraries/net/java/jinput/jinput-platform/2.0.5/jinput-platform-2.0.5-natives-linux.jar for job 'Version & Libraries'... (try 0)
[22:32:49 INFO]: Attempting to download /home/carsen/.minecraft/libraries/org/lwjgl/lwjgl/lwjgl-platform/2.9.0/lwjgl-platform-2.9.0-natives-linux.jar for job 'Version & Libraries'... (try 0)
[22:32:49 INFO]: Attempting to download /home/carsen/.minecraft/libraries/org/ow2/asm/asm-all/4.1/asm-all-4.1.jar for job 'Version & Libraries'... (try 0)
[22:32:49 INFO]: Attempting to download /home/carsen/.minecraft/libraries/net/java/jinput/jinput/2.0.5/jinput-2.0.5.jar for job 'Version & Libraries'... (try 0)
[22:32:49 INFO]: Attempting to download /home/carsen/.minecraft/libraries/org/lwjgl/lwjgl/lwjgl_util/2.9.0/lwjgl_util-2.9.0.jar for job 'Version & Libraries'... (try 0)
[22:32:49 INFO]: Attempting to download /home/carsen/.minecraft/versions/1.5.2-betterthanwolves/1.5.2-betterthanwolves.jar for job 'Version & Libraries'... (try 0)
[22:32:49 INFO]: Download job 'Resources' skipped as there are no files to download
[22:32:49 INFO]: Job 'Resources' finished successfully (took 0:00:00.000)
[22:32:49 INFO]: Finished downloading /home/carsen/.minecraft/versions/1.5.2-betterthanwolves/1.5.2-betterthanwolves.jar for job 'Version & Libraries': Couldn't connect to server (responded with 403) but have local file, assuming it's good
[22:32:49 INFO]: Finished downloading /home/carsen/.minecraft/libraries/org/lwjgl/lwjgl/lwjgl-platform/2.9.0/lwjgl-platform-2.9.0-natives-linux.jar for job 'Version & Libraries': Local file matches local checksum, using that
[22:32:49 INFO]: Finished downloading /home/carsen/.minecraft/libraries/org/lwjgl/lwjgl/lwjgl_util/2.9.0/lwjgl_util-2.9.0.jar for job 'Version & Libraries': Local file matches local checksum, using that
[22:32:49 INFO]: Finished downloading /home/carsen/.minecraft/libraries/org/lwjgl/lwjgl/lwjgl/2.9.0/lwjgl-2.9.0.jar for job 'Version & Libraries': Local file matches local checksum, using that
[22:32:49 INFO]: Finished downloading /home/carsen/.minecraft/libraries/net/java/jinput/jinput-platform/2.0.5/jinput-platform-2.0.5-natives-linux.jar for job 'Version & Libraries': Local file matches local checksum, using that
[22:32:49 INFO]: Finished downloading /home/carsen/.minecraft/libraries/net/java/jinput/jinput-platform/2.0.5/jinput-platform-2.0.5-natives-linux.jar for job 'Version & Libraries': Local file matches local checksum, using that
[22:32:49 INFO]: Finished downloading /home/carsen/.minecraft/libraries/net/sf/jopt-simple/jopt-simple/4.5/jopt-simple-4.5.jar for job 'Version & Libraries': Local file matches local checksum, using that
[22:32:49 INFO]: Finished downloading /home/carsen/.minecraft/libraries/com/google/code/gson/gson/2.2.4/gson-2.2.4.jar for job 'Version & Libraries': Local file matches local checksum, using that
[22:32:49 INFO]: Finished downloading /home/carsen/.minecraft/libraries/org/ow2/asm/asm-all/4.1/asm-all-4.1.jar for job 'Version & Libraries': Local file matches local checksum, using that
[22:32:49 INFO]: Finished downloading /home/carsen/.minecraft/libraries/net/minecraft/launchwrapper/1.5/launchwrapper-1.5.jar for job 'Version & Libraries': Local file matches local checksum, using that
[22:32:49 INFO]: Finished downloading /home/carsen/.minecraft/libraries/net/java/jutils/jutils/1.0.0/jutils-1.0.0.jar for job 'Version & Libraries': Local file matches local checksum, using that
[22:32:49 INFO]: Finished downloading /home/carsen/.minecraft/libraries/net/java/jinput/jinput/2.0.5/jinput-2.0.5.jar for job 'Version & Libraries': Local file matches local checksum, using that
[22:32:49 INFO]: Job 'Version & Libraries' finished successfully (took 0:00:00.632)
[22:32:49 INFO]: Launching game
[22:32:49 INFO]: Unpacking natives to /home/carsen/.minecraft/versions/1.5.2-betterthanwolves/1.5.2-betterthanwolves-natives-4906187162798
[22:32:49 INFO]: Reconstructing virtual assets folder at /home/carsen/.minecraft/assets/virtual/legacy
[22:32:49 INFO]: Launching in /home/carsen/.btw
[22:32:49 INFO]: Half command: /usr/lib/jvm/java-8-oracle/jre/bin/java -Xmx4G -XX:+UseConcMarkSweepGC -XX:+CMSIncrementalMode -XX:-UseAdaptiveSizePolicy -Xmn128M -Djava.library.path=/home/carsen/.minecraft/versions/1.5.2-betterthanwolves/1.5.2-betterthanwolves-natives-4906187162798 -cp /home/carsen/.minecraft/libraries/net/minecraft/launchwrapper/1.5/launchwrapper-1.5.jar:/home/carsen/.minecraft/libraries/net/sf/jopt-simple/jopt-simple/4.5/jopt-simple-4.5.jar:/home/carsen/.minecraft/libraries/org/ow2/asm/asm-all/4.1/asm-all-4.1.jar:/home/carsen/.minecraft/libraries/net/java/jinput/jinput/2.0.5/jinput-2.0.5.jar:/home/carsen/.minecraft/libraries/net/java/jutils/jutils/1.0.0/jutils-1.0.0.jar:/home/carsen/.minecraft/libraries/org/lwjgl/lwjgl/lwjgl/2.9.0/lwjgl-2.9.0.jar:/home/carsen/.minecraft/libraries/org/lwjgl/lwjgl/lwjgl_util/2.9.0/lwjgl_util-2.9.0.jar:/home/carsen/.minecraft/libraries/com/google/code/gson/gson/2.2.4/gson-2.2.4.jar:/home/carsen/.minecraft/versions/1.5.2-betterthanwolves/1.5.2-betterthanwolves.jar net.minecraft.launchwrapper.Launch
[22:32:49 INFO]: Looking for orphaned versions to clean up...
[22:32:49 INFO]: Looking for old natives & assets to clean up...
[09:41:06 INFO]: Game ended with no troubles detected (exit code 0)
[09:41:06 INFO]: Following visibility rule and exiting launcher as the game has ended
[09:41:06 INFO]: Deleting /home/carsen/.minecraft/versions/1.5.2-betterthanwolves/1.5.2-betterthanwolves-natives-4906187162798
Error: Unable to access jarfile Server/minecraft_server.jar
Error: Unable to access jarfile Server/minecraft_server.jar
